<?xml version="1.0" encoding="UTF-8"?>
<!-- Generated by org.testng.reporters.JUnitXMLReporter -->
<testsuite hostname="CBT-013" name="ChromeTest" tests="1" failures="1" timestamp="18 Sep 2016 06:52:15 GMT" time="42.411" errors="0">
  <testcase name="testScenarios" time="32.204" classname="delta.main.DeltaDriver">
    <failure type="java.lang.AssertionError" message="null">
      <![CDATA[java.lang.AssertionError: null
	at delta.main.DeltaDriver.testScenarios(DeltaDriver.java:62)
	at java.util.concurrent.FutureTask.run(Unknown Source)
	at java.util.concurrent.ThreadPoolExecutor.runWorker(Unknown Source)
	at java.util.concurrent.ThreadPoolExecutor$Worker.run(Unknown Source)
	at java.lang.Thread.run(Unknown Source)
... Removed 18 stack frames]]>
    </failure>
  </testcase> <!-- testScenarios -->
</testsuite> <!-- ChromeTest -->
